[INFO] 21:07:50 ts-node-dev ver. 2.0.0 (using ts-node ver. 10.9.2, typescript ver. 5.9.3)
[dotenv@17.3.1] injecting env (5) from .env -- tip: ΓÜÖ∩╕Å  enable debug logging with { debug: true }
Server running on port 5000
MongooseServerSelectionError: Could not connect to any servers in your MongoDB Atlas cluster. One common reason is that you're trying to access the database from an IP that isn't whitelisted. Make sure your current IP address is on your Atlas cluster's IP whitelist: https://www.mongodb.com/docs/atlas/security-whitelist/
    at _handleConnectionErrors (C:\Dev\MyProjects\Assignment\backend\node_modules\mongoose\lib\connection.js:1168:11)
    at NativeConnection.openUri (C:\Dev\MyProjects\Assignment\backend\node_modules\mongoose\lib\connection.js:1099:11) {
  errorLabelSet: Set(0) {},
  reason: TopologyDescription {
    type: 'ReplicaSetNoPrimary',
    servers: Map(3) {
      'ac-lwkatt6-shard-00-01.fzvrsqf.mongodb.net:27017' => [ServerDescription],
      'ac-lwkatt6-shard-00-02.fzvrsqf.mongodb.net:27017' => [ServerDescription],
      'ac-lwkatt6-shard-00-00.fzvrsqf.mongodb.net:27017' => [ServerDescription]
    },
    stale: false,
    compatible: true,
    heartbeatFrequencyMS: 10000,
    localThresholdMS: 15,
    setName: 'atlas-36h954-shard-0',
    maxElectionId: null,
    maxSetVersion: null,
    commonWireVersion: 0,
    logicalSessionTimeoutMinutes: null
  },
  code: undefined,
  cause: TopologyDescription {
    type: 'ReplicaSetNoPrimary',
    servers: Map(3) {
      'ac-lwkatt6-shard-00-01.fzvrsqf.mongodb.net:27017' => [ServerDescription],
      'ac-lwkatt6-shard-00-02.fzvrsqf.mongodb.net:27017' => [ServerDescription],
      'ac-lwkatt6-shard-00-00.fzvrsqf.mongodb.net:27017' => [ServerDescription]
    },
    stale: false,
    compatible: true,
    heartbeatFrequencyMS: 10000,
    localThresholdMS: 15,
    setName: 'atlas-36h954-shard-0',
    maxElectionId: null,
    maxSetVersion: null,
    commonWireVersion: 0,
    logicalSessionTimeoutMinutes: null
  }
}
